<?xml version="1.0" encoding="UTF-8"?>
<!-- Generated by org.testng.reporters.JUnitReportReporter -->
<testsuite hostname="DESKTOP-7LL1CDN" failures="0" tests="1" name="testCases.LoginTest" time="4.993" errors="0" timestamp="2024-09-05T16:32:01 IST" skipped="0">
  <testcase classname="testCases.LoginTest" name="testValidLoginTest" time="4.993"/>
</testsuite> <!-- testCases.LoginTest -->
