<?xml version="1.0" encoding="UTF-8"?>
<!-- Generated by org.testng.reporters.JUnitReportReporter -->
<testsuite hostname="DESKTOP-7LL1CDN" failures="0" tests="1" name="testCases.LoginTest" time="5.554" errors="0" timestamp="2024-09-05T10:43:45 IST" skipped="0">
  <testcase classname="testCases.LoginTest" name="testValidLoginTest" time="5.554"/>
</testsuite> <!-- testCases.LoginTest -->
